This is pdfTeX, Version 3.141592653-2.6-1.40.24 (MiKTeX 22.7) (preloaded format=pdflatex 2023.1.2)  6 MAR 2023 21:46
entering extended mode
 restricted \write18 enabled.
 %&-line parsing enabled.
**./20230102_Emotion.tex
(20230102_Emotion.tex
LaTeX2e <2022-06-01> patch level 5
L3 programming layer <2022-07-04>
(C:\Users\dreher\AppData\Roaming\MiKTeX\tex/latex/ieeetran\IEEEtran.cls
Document Class: IEEEtran 2015/08/26 V1.8b by Michael Shell
-- See the "IEEEtran_HOWTO" manual for usage information.
-- http://www.michaelshell.org/tex/ieeetran/
\@IEEEtrantmpdimenA=\dimen138
\@IEEEtrantmpdimenB=\dimen139
\@IEEEtrantmpdimenC=\dimen140
\@IEEEtrantmpcountA=\count185
\@IEEEtrantmpcountB=\count186
\@IEEEtrantmpcountC=\count187
\@IEEEtrantmptoksA=\toks16
LaTeX Font Info:    Trying to load font information for OT1+ptm on input line 5
03.
(C:\Users\dreher\AppData\Roaming\MiKTeX\tex/latex/psnfss\ot1ptm.fd
File: ot1ptm.fd 2001/06/04 font definitions for OT1/ptm.
)
-- Using 210mm x 297mm (a4) paper.
-- Using PDF output.
\@IEEEnormalsizeunitybaselineskip=\dimen141
-- This is a 10 point document.
\CLASSINFOnormalsizebaselineskip=\dimen142
\CLASSINFOnormalsizeunitybaselineskip=\dimen143
\IEEEnormaljot=\dimen144
LaTeX Font Info:    Font shape `OT1/ptm/bx/n' in size <5> not available
(Font)              Font shape `OT1/ptm/b/n' tried instead on input line 1090.
LaTeX Font Info:    Font shape `OT1/ptm/bx/it' in size <5> not available
(Font)              Font shape `OT1/ptm/b/it' tried instead on input line 1090.

LaTeX Font Info:    Font shape `OT1/ptm/bx/n' in size <7> not available
(Font)              Font shape `OT1/ptm/b/n' tried instead on input line 1090.
LaTeX Font Info:    Font shape `OT1/ptm/bx/it' in size <7> not available
(Font)              Font shape `OT1/ptm/b/it' tried instead on input line 1090.

LaTeX Font Info:    Font shape `OT1/ptm/bx/n' in size <8> not available
(Font)              Font shape `OT1/ptm/b/n' tried instead on input line 1090.
LaTeX Font Info:    Font shape `OT1/ptm/bx/it' in size <8> not available
(Font)              Font shape `OT1/ptm/b/it' tried instead on input line 1090.

LaTeX Font Info:    Font shape `OT1/ptm/bx/n' in size <9> not available
(Font)              Font shape `OT1/ptm/b/n' tried instead on input line 1090.
LaTeX Font Info:    Font shape `OT1/ptm/bx/it' in size <9> not available
(Font)              Font shape `OT1/ptm/b/it' tried instead on input line 1090.

LaTeX Font Info:    Font shape `OT1/ptm/bx/n' in size <10> not available
(Font)              Font shape `OT1/ptm/b/n' tried instead on input line 1090.
LaTeX Font Info:    Font shape `OT1/ptm/bx/it' in size <10> not available
(Font)              Font shape `OT1/ptm/b/it' tried instead on input line 1090.

LaTeX Font Info:    Font shape `OT1/ptm/bx/n' in size <11> not available
(Font)              Font shape `OT1/ptm/b/n' tried instead on input line 1090.
LaTeX Font Info:    Font shape `OT1/ptm/bx/it' in size <11> not available
(Font)              Font shape `OT1/ptm/b/it' tried instead on input line 1090.

LaTeX Font Info:    Font shape `OT1/ptm/bx/n' in size <12> not available
(Font)              Font shape `OT1/ptm/b/n' tried instead on input line 1090.
LaTeX Font Info:    Font shape `OT1/ptm/bx/it' in size <12> not available
(Font)              Font shape `OT1/ptm/b/it' tried instead on input line 1090.

LaTeX Font Info:    Font shape `OT1/ptm/bx/n' in size <17> not available
(Font)              Font shape `OT1/ptm/b/n' tried instead on input line 1090.
LaTeX Font Info:    Font shape `OT1/ptm/bx/it' in size <17> not available
(Font)              Font shape `OT1/ptm/b/it' tried instead on input line 1090.

LaTeX Font Info:    Font shape `OT1/ptm/bx/n' in size <20> not available
(Font)              Font shape `OT1/ptm/b/n' tried instead on input line 1090.
LaTeX Font Info:    Font shape `OT1/ptm/bx/it' in size <20> not available
(Font)              Font shape `OT1/ptm/b/it' tried instead on input line 1090.

LaTeX Font Info:    Font shape `OT1/ptm/bx/n' in size <24> not available
(Font)              Font shape `OT1/ptm/b/n' tried instead on input line 1090.
LaTeX Font Info:    Font shape `OT1/ptm/bx/it' in size <24> not available
(Font)              Font shape `OT1/ptm/b/it' tried instead on input line 1090.

\IEEEquantizedlength=\dimen145
\IEEEquantizedlengthdiff=\dimen146
\IEEEquantizedtextheightdiff=\dimen147
\IEEEilabelindentA=\dimen148
\IEEEilabelindentB=\dimen149
\IEEEilabelindent=\dimen150
\IEEEelabelindent=\dimen151
\IEEEdlabelindent=\dimen152
\IEEElabelindent=\dimen153
\IEEEiednormlabelsep=\dimen154
\IEEEiedmathlabelsep=\dimen155
\IEEEiedtopsep=\skip47
\c@section=\count188
\c@subsection=\count189
\c@subsubsection=\count190
\c@paragraph=\count191
\c@IEEEsubequation=\count192
\abovecaptionskip=\skip48
\belowcaptionskip=\skip49
\c@figure=\count193
\c@table=\count194
\@IEEEeqnnumcols=\count195
\@IEEEeqncolcnt=\count196
\@IEEEsubeqnnumrollback=\count197
\@IEEEquantizeheightA=\dimen156
\@IEEEquantizeheightB=\dimen157
\@IEEEquantizeheightC=\dimen158
\@IEEEquantizeprevdepth=\dimen159
\@IEEEquantizemultiple=\count198
\@IEEEquantizeboxA=\box51
\@IEEEtmpitemindent=\dimen160
\IEEEPARstartletwidth=\dimen161
\c@IEEEbiography=\count199
\@IEEEtranrubishbin=\box52
)
** ATTENTION: Overriding command lockouts (line 2).
(C:\Users\dreher\AppData\Roaming\MiKTeX\tex/latex/cite\cite.sty
LaTeX Info: Redefining \cite on input line 302.
LaTeX Info: Redefining \nocite on input line 332.
Package: cite 2015/02/27  v 5.5
)
(C:\Program Files\MiKTeX\tex/latex/amsmath\amsmath.sty
Package: amsmath 2022/04/08 v2.17n AMS math features
\@mathmargin=\skip50

For additional information on amsmath, use the `?' option.
(C:\Program Files\MiKTeX\tex/latex/amsmath\amstext.sty
Package: amstext 2021/08/26 v2.01 AMS text

(C:\Program Files\MiKTeX\tex/latex/amsmath\amsgen.sty
File: amsgen.sty 1999/11/30 v2.0 generic functions
\@emptytoks=\toks17
\ex@=\dimen162
))
(C:\Program Files\MiKTeX\tex/latex/amsmath\amsbsy.sty
Package: amsbsy 1999/11/29 v1.2d Bold Symbols
\pmbraise@=\dimen163
)
(C:\Program Files\MiKTeX\tex/latex/amsmath\amsopn.sty
Package: amsopn 2022/04/08 v2.04 operator names
)
\inf@bad=\count266
LaTeX Info: Redefining \frac on input line 234.
\uproot@=\count267
\leftroot@=\count268
LaTeX Info: Redefining \overline on input line 399.
LaTeX Info: Redefining \colon on input line 410.
\classnum@=\count269
\DOTSCASE@=\count270
LaTeX Info: Redefining \ldots on input line 496.
LaTeX Info: Redefining \dots on input line 499.
LaTeX Info: Redefining \cdots on input line 620.
\Mathstrutbox@=\box53
\strutbox@=\box54
LaTeX Info: Redefining \big on input line 722.
LaTeX Info: Redefining \Big on input line 723.
LaTeX Info: Redefining \bigg on input line 724.
LaTeX Info: Redefining \Bigg on input line 725.
\big@size=\dimen164
LaTeX Font Info:    Redeclaring font encoding OML on input line 743.
LaTeX Font Info:    Redeclaring font encoding OMS on input line 744.
\macc@depth=\count271
LaTeX Info: Redefining \bmod on input line 905.
LaTeX Info: Redefining \pmod on input line 910.
LaTeX Info: Redefining \smash on input line 940.
LaTeX Info: Redefining \relbar on input line 970.
LaTeX Info: Redefining \Relbar on input line 971.
\c@MaxMatrixCols=\count272
\dotsspace@=\muskip16
\c@parentequation=\count273
\dspbrk@lvl=\count274
\tag@help=\toks18
\row@=\count275
\column@=\count276
\maxfields@=\count277
\andhelp@=\toks19
\eqnshift@=\dimen165
\alignsep@=\dimen166
\tagshift@=\dimen167
\tagwidth@=\dimen168
\totwidth@=\dimen169
\lineht@=\dimen170
\@envbody=\toks20
\multlinegap=\skip51
\multlinetaggap=\skip52
\mathdisplay@stack=\toks21
LaTeX Info: Redefining \[ on input line 2953.
LaTeX Info: Redefining \] on input line 2954.
)
(C:\Program Files\MiKTeX\tex/latex/amsfonts\amssymb.sty
Package: amssymb 2013/01/14 v3.01 AMS font symbols

(C:\Program Files\MiKTeX\tex/latex/amsfonts\amsfonts.sty
Package: amsfonts 2013/01/14 v3.01 Basic AMSFonts support
\symAMSa=\mathgroup4
\symAMSb=\mathgroup5
LaTeX Font Info:    Redeclaring math symbol \hbar on input line 98.
LaTeX Font Info:    Overwriting math alphabet `\mathfrak' in version `bold'
(Font)                  U/euf/m/n --> U/euf/b/n on input line 106.
))
(C:\Users\dreher\AppData\Roaming\MiKTeX\tex/latex/algorithms\algorithmic.sty
Package: algorithmic 2009/08/24 v0.1 Document Style `algorithmic'

(C:\Program Files\MiKTeX\tex/latex/base\ifthen.sty
Package: ifthen 2022/04/13 v1.1d Standard LaTeX ifthen package (DPC)
)
(C:\Program Files\MiKTeX\tex/latex/graphics\keyval.sty
Package: keyval 2022/05/29 v1.15 key=value parser (DPC)
\KV@toks@=\toks22
)
\c@ALC@unique=\count278
\c@ALC@line=\count279
\c@ALC@rem=\count280
\c@ALC@depth=\count281
\ALC@tlm=\skip53
\algorithmicindent=\skip54
)
(C:\Program Files\MiKTeX\tex/latex/graphics\graphicx.sty
Package: graphicx 2021/09/16 v1.2d Enhanced LaTeX Graphics (DPC,SPQR)

(C:\Program Files\MiKTeX\tex/latex/graphics\graphics.sty
Package: graphics 2022/03/10 v1.4e Standard LaTeX Graphics (DPC,SPQR)

(C:\Program Files\MiKTeX\tex/latex/graphics\trig.sty
Package: trig 2021/08/11 v1.11 sin cos tan (DPC)
)
(C:\Program Files\MiKTeX\tex/latex/graphics-cfg\graphics.cfg
File: graphics.cfg 2016/06/04 v1.11 sample graphics configuration
)
Package graphics Info: Driver file: pdftex.def on input line 107.

(C:\Program Files\MiKTeX\tex/latex/graphics-def\pdftex.def
File: pdftex.def 2020/10/05 v1.2a Graphics/color driver for pdftex
))
\Gin@req@height=\dimen171
\Gin@req@width=\dimen172
)
(C:\Program Files\MiKTeX\tex/latex/base\textcomp.sty
Package: textcomp 2020/02/02 v2.0n Standard LaTeX package
)
(C:\Program Files\MiKTeX\tex/latex/xcolor\xcolor.sty
Package: xcolor 2022/06/12 v2.14 LaTeX color extensions (UK)

(C:\Program Files\MiKTeX\tex/latex/graphics-cfg\color.cfg
File: color.cfg 2016/01/02 v1.6 sample color configuration
)
Package xcolor Info: Driver file: pdftex.def on input line 227.

(C:\Users\dreher\AppData\Roaming\MiKTeX\tex/latex-dev/graphics\mathcolor.ltx)
Package xcolor Info: Model `cmy' substituted by `cmy0' on input line 1353.
Package xcolor Info: Model `hsb' substituted by `rgb' on input line 1357.
Package xcolor Info: Model `RGB' extended on input line 1369.
Package xcolor Info: Model `HTML' substituted by `rgb' on input line 1371.
Package xcolor Info: Model `Hsb' substituted by `hsb' on input line 1372.
Package xcolor Info: Model `tHsb' substituted by `hsb' on input line 1373.
Package xcolor Info: Model `HSB' substituted by `hsb' on input line 1374.
Package xcolor Info: Model `Gray' substituted by `gray' on input line 1375.
Package xcolor Info: Model `wave' substituted by `hsb' on input line 1376.
)
(C:\Users\dreher\AppData\Roaming\MiKTeX\tex/latex/multirow\multirow.sty
Package: multirow 2021/03/15 v2.8 Span multiple rows of a table
\multirow@colwidth=\skip55
\multirow@cntb=\count282
\multirow@dima=\skip56
\bigstrutjot=\dimen173
)
(C:\Program Files\MiKTeX\tex/latex/tools\array.sty
Package: array 2021/10/04 v2.5f Tabular extension package (FMi)
\col@sep=\dimen174
\ar@mcellbox=\box55
\extrarowheight=\dimen175
\NC@list=\toks23
\extratabsurround=\skip57
\backup@length=\skip58
\ar@cellbox=\box56
)
(C:\Program Files\MiKTeX\tex/latex/l3backend\l3backend-pdftex.def
File: l3backend-pdftex.def 2022-07-01 L3 backend support: PDF output (pdfTeX)
\l__color_backend_stack_int=\count283
\l__pdf_internal_box=\box57
)
(20230102_Emotion.aux)
\openout1 = `20230102_Emotion.aux'.

LaTeX Font Info:    Checking defaults for OML/cmm/m/it on input line 22.
LaTeX Font Info:    ... okay on input line 22.
LaTeX Font Info:    Checking defaults for OMS/cmsy/m/n on input line 22.
LaTeX Font Info:    ... okay on input line 22.
LaTeX Font Info:    Checking defaults for OT1/cmr/m/n on input line 22.
LaTeX Font Info:    ... okay on input line 22.
LaTeX Font Info:    Checking defaults for T1/cmr/m/n on input line 22.
LaTeX Font Info:    ... okay on input line 22.
LaTeX Font Info:    Checking defaults for TS1/cmr/m/n on input line 22.
LaTeX Font Info:    ... okay on input line 22.
LaTeX Font Info:    Checking defaults for OMX/cmex/m/n on input line 22.
LaTeX Font Info:    ... okay on input line 22.
LaTeX Font Info:    Checking defaults for U/cmr/m/n on input line 22.
LaTeX Font Info:    ... okay on input line 22.

-- Lines per column: 56 (exact).
(C:\Program Files\MiKTeX\tex/context/base/mkii\supp-pdf.mkii
[Loading MPS to PDF converter (version 2006.09.02).]
\scratchcounter=\count284
\scratchdimen=\dimen176
\scratchbox=\box58
\nofMPsegments=\count285
\nofMParguments=\count286
\everyMPshowfont=\toks24
\MPscratchCnt=\count287
\MPscratchDim=\dimen177
\MPnumerator=\count288
\makeMPintoPDFobject=\count289
\everyMPtoPDFconversion=\toks25
) (C:\Program Files\MiKTeX\tex/latex/epstopdf-pkg\epstopdf-base.sty
Package: epstopdf-base 2020-01-24 v2.11 Base part for package epstopdf
Package epstopdf-base Info: Redefining graphics rule for `.eps' on input line 4
85.

(C:\Program Files\MiKTeX\tex/latex/00miktex\epstopdf-sys.cfg
File: epstopdf-sys.cfg 2021/03/18 v2.0 Configuration of epstopdf for MiKTeX
))

LaTeX Warning: No \author given.


LaTeX Warning: No \author given.


LaTeX Warning: No \author given.

[1{C:/Users/dreher/AppData/Local/MiKTeX/fonts/map/pdftex/pdftex.map}


]
LaTeX Font Info:    Trying to load font information for U+msa on input line 163
.

(C:\Program Files\MiKTeX\tex/latex/amsfonts\umsa.fd
File: umsa.fd 2013/01/14 v3.01 AMS symbols A
)
LaTeX Font Info:    Trying to load font information for U+msb on input line 163
.

(C:\Program Files\MiKTeX\tex/latex/amsfonts\umsb.fd
File: umsb.fd 2013/01/14 v3.01 AMS symbols B
)
Overfull \hbox (2.65236pt too wide) in paragraph at lines 181--181
 []|\OT1/ptm/m/n/8 (100%)|
 []


Overfull \hbox (2.65236pt too wide) in paragraph at lines 181--181
 []|\OT1/ptm/m/n/8 (100%)|
 []


Overfull \hbox (2.65236pt too wide) in paragraph at lines 181--182
 []|\OT1/ptm/m/n/8 (100%)|
 []


Overfull \hbox (1.29375pt too wide) in paragraph at lines 163--186
 [] 
 []

[2]
Overfull \hbox (6.0066pt too wide) in paragraph at lines 377--416
 [] 
 []


Overfull \hbox (6.0066pt too wide) in paragraph at lines 422--461
 [] 
 []


Overfull \hbox (2.08316pt too wide) in paragraph at lines 486--486
 []|\OT1/ptm/m/n/8 26,983|
 []


Overfull \hbox (2.08316pt too wide) in paragraph at lines 498--498
 []|\OT1/ptm/m/n/8 15,075|
 []


Overfull \hbox (6.0066pt too wide) in paragraph at lines 467--506
 [] 
 []

[3]
Overfull \hbox (2.40671pt too wide) in paragraph at lines 557--557
[]|\OT1/ptm/m/n/8 Trained| 
 []


Overfull \hbox (5.50697pt too wide) in paragraph at lines 557--557
 []|\OT1/ptm/m/n/8 Rank| 
 []


Overfull \hbox (2.40671pt too wide) in paragraph at lines 598--598
[]|\OT1/ptm/m/n/8 Trained| 
 []


Overfull \hbox (5.50697pt too wide) in paragraph at lines 598--598
 []|\OT1/ptm/m/n/8 Rank| 
 []


Overfull \hbox (2.40671pt too wide) in paragraph at lines 641--641
[]|\OT1/ptm/m/n/8 Trained| 
 []


Overfull \hbox (5.50697pt too wide) in paragraph at lines 641--641
 []|\OT1/ptm/m/n/8 Rank| 
 []

[4]
Overfull \hbox (7.52798pt too wide) in paragraph at lines 748--748
[]|[]| 
 []


Overfull \hbox (4.87491pt too wide) in paragraph at lines 755--755
[]|\OT1/ptm/m/n/8 Happiness| 
 []


Overfull \hbox (4.87491pt too wide) in paragraph at lines 763--763
[]|\OT1/ptm/m/n/8 Happiness| 
 []


Overfull \hbox (4.87491pt too wide) in paragraph at lines 771--771
[]|\OT1/ptm/m/n/8 Happiness| 
 []


Overfull \hbox (3.29095pt too wide) in paragraph at lines 836--836
 []|\OT1/ptm/m/n/8 FER| 
 []


Overfull \hbox (4.17894pt too wide) in paragraph at lines 836--836
 []|\OT1/ptm/m/n/8 RAF| 
 []


Overfull \hbox (3.29095pt too wide) in paragraph at lines 836--836
 []|\OT1/ptm/m/n/8 FER| 
 []


Overfull \hbox (4.17894pt too wide) in paragraph at lines 836--836
 []|\OT1/ptm/m/n/8 RAF| 
 []


Overfull \hbox (3.29095pt too wide) in paragraph at lines 836--836
 []|\OT1/ptm/m/n/8 FER| 
 []


Overfull \hbox (4.17894pt too wide) in paragraph at lines 836--836
 []|\OT1/ptm/m/n/8 RAF| 
 []


Overfull \hbox (4.87491pt too wide) in paragraph at lines 842--842
[]|\OT1/ptm/m/n/8 Happiness| 
 []

[5] [6] (20230102_Emotion.bbl
Underfull \hbox (badness 1546) in paragraph at lines 68--73
[]\OT1/ptm/m/n/8 J. Mar[]^^Pn-Morales, J. L. Higuera-Trujillo, A. Greco, J. Gui
x-eres,
 []

)

** Conference Paper **
Before submitting the final camera ready copy, remember to:

 1. Manually equalize the lengths of two columns on the last page
 of your paper;

 2. Ensure that any PostScript and/or PDF output post-processing
 uses only Type 1 fonts and that every step in the generation
 process uses the appropriate paper size.

[7] (20230102_Emotion.aux) ) 
Here is how much of TeX's memory you used:
 4396 strings out of 478338
 69765 string characters out of 2846513
 476172 words of memory out of 3000000
 22783 multiletter control sequences out of 15000+600000
 504153 words of font info for 93 fonts, out of 8000000 for 9000
 1141 hyphenation exceptions out of 8191
 55i,11n,62p,1744b,264s stack positions out of 10000i,1000n,20000p,200000b,80000s
{C:/Program Files/MiKTeX/fonts/enc/dvips/base/8r.en
c}<C:/Program Files/MiKTeX/fonts/type1/public/amsfonts/cm/cmsy8.pfb><C:/Program
 Files/MiKTeX/fonts/type1/urw/times/utmb8a.pfb><C:/Program Files/MiKTeX/fonts/t
ype1/urw/times/utmbi8a.pfb><C:/Program Files/MiKTeX/fonts/type1/urw/times/utmr8
a.pfb><C:/Program Files/MiKTeX/fonts/type1/urw/times/utmri8a.pfb>
Output written on 20230102_Emotion.pdf (7 pages, 111737 bytes).
PDF statistics:
 52 PDF objects out of 1000 (max. 8388607)
 0 named destinations out of 1000 (max. 500000)
 1 words of extra memory for PDF output out of 10000 (max. 10000000)

